2022-04-20 17:41:04,096 [INFO] app: Before Request
2022-04-20 17:41:04,242 [INFO] app: After Request
2022-04-20 17:41:08,093 [INFO] app: Before Request
2022-04-20 17:41:08,193 [INFO] app: After Request
2022-04-20 17:41:10,713 [INFO] app: Before Request
2022-04-20 17:41:10,738 [INFO] app: After Request
2022-04-20 17:41:11,714 [INFO] app: Before Request
2022-04-20 17:41:11,746 [INFO] app: After Request
2022-04-20 17:41:12,648 [INFO] app: Before Request
2022-04-20 17:41:12,675 [INFO] app: After Request
2022-04-20 17:41:13,791 [INFO] app: Before Request
2022-04-20 17:41:13,857 [INFO] app: After Request
2022-04-20 17:41:40,473 [INFO] app: Before Request
2022-04-20 17:41:40,542 [INFO] app: After Request
2022-04-20 17:41:41,810 [INFO] app: Before Request
2022-04-20 17:41:41,818 [INFO] app: After Request
2022-04-20 17:41:42,632 [INFO] app: Before Request
2022-04-20 17:41:42,662 [INFO] app: After Request
2022-04-20 17:41:43,488 [INFO] app: Before Request
2022-04-20 17:41:43,513 [INFO] app: After Request
2022-04-20 17:41:44,610 [INFO] app: Before Request
2022-04-20 17:41:44,618 [INFO] app: After Request
2022-04-20 17:42:37,767 [INFO] app: Before Request
2022-04-20 17:42:37,803 [INFO] app: After Request
2022-04-20 17:42:47,453 [INFO] app: Before Request
2022-04-20 17:42:47,465 [INFO] app: After Request
2022-04-20 17:52:18,604 [INFO] app: Before Request
2022-04-20 17:52:18,643 [INFO] app: After Request
2022-04-20 17:52:35,509 [INFO] app: Before Request
2022-04-20 17:52:35,554 [INFO] app: After Request
2022-04-20 17:53:01,631 [INFO] app: Before Request
2022-04-20 17:53:01,707 [INFO] app: After Request
2022-04-20 17:53:07,559 [INFO] app: Before Request
2022-04-20 17:53:07,566 [INFO] app: After Request
2022-04-20 17:53:09,261 [INFO] app: Before Request
2022-04-20 17:53:09,271 [INFO] app: After Request
2022-04-20 17:53:14,704 [INFO] app: Before Request
2022-04-20 17:53:14,728 [INFO] app: After Request
2022-04-20 17:53:17,498 [INFO] app: Before Request
2022-04-20 17:53:35,788 [INFO] app: Before Request
2022-04-20 17:53:35,795 [INFO] app: After Request
2022-04-20 17:56:24,930 [INFO] app: Before Request
2022-04-21 14:42:32,985 [INFO] app: Before Request
2022-04-21 14:42:33,143 [INFO] app: After Request
2022-04-21 14:42:38,984 [INFO] app: Before Request
2022-04-21 14:44:02,377 [INFO] app: Before Request
2022-04-21 14:44:02,389 [INFO] app: After Request
2022-04-21 14:44:08,443 [INFO] app: Before Request
2022-04-21 14:44:08,475 [INFO] app: After Request
2022-04-21 14:56:10,374 [INFO] app: Before Request
2022-04-21 14:56:10,538 [INFO] app: After Request
2022-04-21 14:56:14,895 [INFO] app: Before Request
2022-04-21 14:56:21,450 [INFO] app: Before Request
2022-04-21 14:56:21,617 [INFO] app: After Request
2022-04-21 14:56:37,545 [INFO] app: Before Request
2022-04-21 14:59:43,778 [INFO] app: Before Request
2022-04-21 14:59:43,787 [INFO] app: After Request
2022-04-21 16:39:44,169 [INFO] app: Before Request
2022-04-21 16:39:44,179 [INFO] app: After Request
2022-04-21 16:39:48,284 [INFO] app: Before Request
2022-04-21 16:55:11,665 [INFO] app: Before Request
2022-04-21 16:55:11,917 [INFO] app: After Request
2022-04-21 16:55:17,149 [INFO] app: Before Request
2022-04-21 16:55:17,175 [INFO] app: After Request
2022-04-21 16:55:21,742 [INFO] app: Before Request
2022-04-21 16:55:21,789 [INFO] app: After Request
2022-04-21 17:46:47,322 [INFO] app: Before Request
2022-04-21 17:46:47,503 [INFO] app: After Request
2022-04-21 17:50:13,056 [INFO] app: Before Request
2022-04-21 17:50:13,068 [INFO] app: After Request
2022-04-21 17:50:14,882 [INFO] app: Before Request
2022-04-21 17:50:14,908 [INFO] app: After Request
2022-04-21 17:54:09,305 [INFO] app: Before Request
2022-04-21 17:56:55,653 [INFO] app: Before Request
2022-04-21 17:56:55,659 [INFO] app: After Request
2022-04-21 17:56:57,897 [INFO] app: Before Request
2022-04-21 18:01:39,486 [INFO] app: Before Request
2022-04-21 18:01:39,659 [INFO] app: After Request
2022-04-21 18:01:41,443 [INFO] app: Before Request
2022-04-21 18:01:41,488 [INFO] app: After Request
2022-04-21 18:01:50,420 [INFO] app: Before Request
2022-04-21 18:03:56,258 [INFO] app: Before Request
2022-04-21 18:03:56,266 [INFO] app: After Request
2022-04-21 18:03:59,234 [INFO] app: Before Request
2022-04-21 18:03:59,253 [INFO] app: After Request
2022-04-21 18:04:00,527 [INFO] app: Before Request
2022-04-21 18:04:00,545 [INFO] app: After Request
2022-04-21 18:04:10,028 [INFO] app: Before Request
2022-04-21 18:04:10,037 [INFO] app: After Request
2022-04-21 18:05:14,281 [INFO] app: Before Request
2022-04-21 18:05:14,292 [INFO] app: After Request
2022-04-21 18:05:16,593 [INFO] app: Before Request
2022-04-21 18:05:16,603 [INFO] app: After Request
2022-04-21 18:05:17,209 [INFO] app: Before Request
2022-04-21 18:05:17,221 [INFO] app: After Request
2022-04-21 18:05:18,785 [INFO] app: Before Request
2022-04-21 18:05:18,792 [INFO] app: After Request
2022-04-21 18:22:20,672 [INFO] app: Before Request
2022-04-21 18:58:30,981 [INFO] app: Before Request
2022-04-21 18:58:31,126 [INFO] app: After Request
2022-04-21 18:58:35,103 [INFO] app: Before Request
2022-04-21 19:37:17,951 [INFO] app: Before Request
2022-04-21 19:37:19,273 [INFO] app: After Request
2022-04-21 19:37:25,404 [INFO] app: Before Request
2022-04-21 19:37:25,452 [INFO] app: After Request
2022-04-21 19:37:25,466 [INFO] app: Before Request
2022-04-21 19:37:25,487 [INFO] app: After Request
2022-04-21 19:37:31,647 [INFO] app: Before Request
2022-04-21 19:37:31,665 [INFO] app: After Request
2022-04-21 19:37:55,527 [INFO] app: Before Request
2022-04-21 19:37:55,722 [INFO] app: After Request
2022-04-21 19:37:55,730 [INFO] app: Before Request
2022-04-21 19:37:55,736 [INFO] app: After Request
2022-04-21 19:57:16,653 [INFO] app: Before Request
2022-04-21 19:57:16,786 [INFO] app: After Request
2022-04-21 19:57:16,796 [INFO] app: Before Request
2022-04-21 19:57:16,802 [INFO] app: After Request
2022-04-21 19:57:31,423 [INFO] app: Before Request
2022-04-21 19:57:31,430 [INFO] app: After Request
2022-04-21 19:57:41,391 [INFO] app: Before Request
2022-04-21 19:57:41,547 [INFO] app: After Request
2022-04-21 19:57:41,554 [INFO] app: Before Request
2022-04-21 19:57:41,559 [INFO] app: After Request
2022-04-21 19:57:44,817 [INFO] app: Before Request
2022-04-21 19:57:44,950 [INFO] app: After Request
2022-04-21 19:57:44,959 [INFO] app: Before Request
2022-04-21 19:57:44,966 [INFO] app: After Request
2022-04-21 19:57:59,223 [INFO] app: Before Request
2022-04-21 19:57:59,383 [INFO] app: After Request
2022-04-21 19:57:59,390 [INFO] app: Before Request
2022-04-21 20:00:34,582 [INFO] app: Before Request
2022-04-21 20:04:01,725 [INFO] app: Before Request
2022-04-21 20:04:01,859 [INFO] app: After Request
2022-04-21 20:04:01,943 [INFO] app: Before Request
2022-04-21 20:04:01,944 [INFO] app: After Request
2022-04-21 20:04:01,946 [INFO] app: Before Request
2022-04-21 20:04:02,066 [INFO] app: After Request
2022-04-21 20:04:02,069 [INFO] app: Before Request
2022-04-21 20:04:02,081 [INFO] app: After Request
2022-04-21 20:04:02,356 [INFO] app: Before Request
2022-04-21 20:04:02,484 [INFO] app: After Request
2022-04-21 20:04:02,569 [INFO] app: Before Request
2022-04-21 20:04:02,687 [INFO] app: After Request
2022-04-21 20:04:02,766 [INFO] app: Before Request
2022-04-21 20:04:02,888 [INFO] app: After Request
2022-04-21 20:04:02,978 [INFO] app: Before Request
2022-04-21 20:04:03,123 [INFO] app: After Request
2022-04-21 20:04:03,331 [INFO] app: Before Request
2022-04-21 20:04:03,452 [INFO] app: After Request
2022-04-21 20:04:03,539 [INFO] app: Before Request
2022-04-21 20:04:03,663 [INFO] app: After Request
2022-04-21 20:04:03,748 [INFO] app: Before Request
2022-04-21 20:04:03,868 [INFO] app: After Request
2022-04-21 20:04:03,948 [INFO] app: Before Request
2022-04-21 20:04:04,068 [INFO] app: After Request
2022-04-21 20:06:42,186 [INFO] app: Before Request
2022-04-21 20:06:42,216 [INFO] app: After Request
2022-04-21 20:06:42,225 [INFO] app: Before Request
2022-04-21 20:06:42,363 [INFO] app: After Request
2022-04-21 20:06:46,463 [INFO] app: Before Request
2022-04-21 20:08:42,654 [INFO] app: Before Request
2022-04-21 20:08:48,486 [INFO] app: Before Request
2022-04-21 20:08:48,640 [INFO] app: After Request
2022-04-21 20:08:50,769 [INFO] app: Before Request
2022-04-21 20:08:50,789 [INFO] app: After Request
2022-04-21 20:09:03,098 [INFO] app: Before Request
2022-04-21 20:17:04,561 [INFO] app: Before Request
2022-04-21 20:17:04,815 [INFO] app: After Request
2022-04-21 20:17:04,826 [INFO] app: Before Request
2022-04-21 20:17:05,027 [INFO] app: After Request
2022-04-21 20:22:43,470 [INFO] app: Before Request
2022-04-21 20:22:43,652 [INFO] app: After Request
2022-04-21 20:22:47,377 [INFO] app: Before Request
2022-04-21 20:22:47,403 [INFO] app: After Request
2022-04-21 20:22:49,677 [INFO] app: Before Request
2022-04-21 20:22:49,704 [INFO] app: After Request
2022-04-21 20:22:51,062 [INFO] app: Before Request
2022-04-21 20:22:51,080 [INFO] app: After Request
2022-04-21 20:22:51,911 [INFO] app: Before Request
2022-04-21 20:22:51,928 [INFO] app: After Request
2022-04-21 20:22:52,634 [INFO] app: Before Request
2022-04-21 20:22:52,658 [INFO] app: After Request
2022-04-21 20:22:53,629 [INFO] app: Before Request
2022-04-21 20:22:53,646 [INFO] app: After Request
2022-04-21 20:22:55,119 [INFO] app: Before Request
2022-04-21 20:22:55,134 [INFO] app: After Request
2022-04-21 20:22:57,448 [INFO] app: Before Request
2022-04-21 20:22:57,463 [INFO] app: After Request
2022-04-21 20:22:57,472 [INFO] app: Before Request
2022-04-21 20:22:57,485 [INFO] app: After Request
2022-04-21 20:23:01,783 [INFO] app: Before Request
2022-04-21 20:23:01,802 [INFO] app: After Request
2022-04-21 20:31:23,346 [INFO] app: Before Request
2022-04-21 20:31:23,656 [INFO] app: After Request
2022-04-21 20:31:26,209 [INFO] app: Before Request
2022-04-21 20:31:26,240 [INFO] app: After Request
2022-04-21 20:31:28,317 [INFO] app: Before Request
2022-04-21 20:31:28,331 [INFO] app: After Request
2022-04-21 20:41:18,731 [INFO] app: Before Request
2022-04-21 20:41:18,929 [INFO] app: After Request
2022-04-21 20:41:18,943 [INFO] app: Before Request
2022-04-21 20:41:19,089 [INFO] app: After Request
2022-04-21 20:41:32,262 [INFO] app: Before Request
2022-04-21 20:41:32,444 [INFO] app: After Request
2022-04-21 20:41:32,451 [INFO] app: Before Request
2022-04-21 20:42:34,398 [INFO] app: Before Request
2022-04-21 20:42:37,073 [INFO] app: Before Request
2022-04-21 20:42:38,599 [INFO] app: Before Request
2022-04-21 20:42:44,550 [INFO] app: Before Request
2022-04-21 20:43:14,965 [INFO] app: Before Request
2022-04-21 20:43:57,384 [INFO] app: Before Request
2022-04-21 20:44:05,941 [INFO] app: Before Request
2022-04-21 20:47:50,148 [INFO] app: Before Request
2022-04-21 20:48:46,198 [INFO] app: Before Request
2022-04-21 20:50:55,140 [INFO] app: Before Request
2022-04-21 20:50:56,590 [INFO] app: Before Request
2022-04-21 20:51:02,919 [INFO] app: Before Request
2022-04-21 20:54:04,233 [INFO] app: Before Request
2022-04-21 20:55:52,721 [INFO] app: Before Request
2022-04-21 21:01:10,444 [INFO] app: Before Request
2022-04-21 21:04:53,955 [INFO] app: Before Request
2022-04-21 21:04:53,985 [INFO] app: After Request
2022-04-21 21:04:53,994 [INFO] app: Before Request
2022-04-21 21:04:58,194 [INFO] app: Before Request
2022-04-21 21:04:58,226 [INFO] app: After Request
2022-04-21 21:04:59,971 [INFO] app: Before Request
2022-04-21 21:05:02,971 [INFO] app: Before Request
2022-04-21 21:09:13,590 [INFO] app: Before Request
2022-04-21 21:11:49,830 [INFO] app: Before Request
2022-04-21 21:11:49,865 [INFO] app: After Request
2022-04-21 21:11:50,934 [INFO] app: Before Request
2022-04-21 21:11:51,099 [INFO] app: After Request
2022-04-21 21:12:10,404 [INFO] app: Before Request
2022-04-21 21:12:10,429 [INFO] app: After Request
2022-04-21 21:12:17,388 [INFO] app: Before Request
2022-04-21 21:12:17,419 [INFO] app: After Request
2022-04-21 21:12:17,433 [INFO] app: Before Request
2022-04-21 21:12:17,562 [INFO] app: After Request
2022-04-21 21:12:36,733 [INFO] app: Before Request
2022-04-21 21:12:36,750 [INFO] app: After Request
2022-04-21 21:12:39,762 [INFO] app: Before Request
2022-04-21 21:12:39,764 [INFO] app: After Request
2022-04-21 21:12:39,774 [INFO] app: Before Request
2022-04-21 21:12:39,788 [INFO] app: After Request
2022-04-21 21:12:44,566 [INFO] app: Before Request
2022-04-21 21:12:44,568 [INFO] app: After Request
2022-04-21 21:12:44,578 [INFO] app: Before Request
2022-04-21 21:12:44,585 [INFO] app: After Request
2022-04-21 21:13:45,423 [INFO] app: Before Request
2022-04-21 21:13:45,561 [INFO] app: After Request
2022-04-21 21:13:45,570 [INFO] app: Before Request
2022-04-21 21:13:45,698 [INFO] app: After Request
2022-04-21 21:13:49,246 [INFO] app: Before Request
2022-04-21 21:13:49,263 [INFO] app: After Request
2022-04-21 21:14:01,890 [INFO] app: Before Request
2022-04-21 21:14:02,054 [INFO] app: After Request
2022-04-21 21:14:02,062 [INFO] app: Before Request
2022-04-21 21:14:02,067 [INFO] app: After Request
2022-04-21 21:14:10,350 [INFO] app: Before Request
2022-04-21 21:14:10,518 [INFO] app: After Request
2022-04-21 21:14:10,526 [INFO] app: Before Request
2022-04-21 21:14:10,563 [INFO] app: After Request
2022-04-22 04:58:35,238 [INFO] app: Before Request
2022-04-22 04:58:36,092 [INFO] app: After Request
2022-04-22 04:58:38,797 [INFO] app: Before Request
2022-04-22 04:58:39,200 [INFO] app: After Request
2022-04-22 04:58:40,702 [INFO] app: Before Request
2022-04-22 04:58:40,757 [INFO] app: After Request
2022-04-22 04:58:40,804 [INFO] app: Before Request
2022-04-22 04:58:40,911 [INFO] app: After Request
2022-04-22 04:58:47,078 [INFO] app: Before Request
2022-04-22 04:58:47,156 [INFO] app: After Request
2022-04-22 04:58:49,115 [INFO] app: Before Request
2022-04-22 04:58:49,175 [INFO] app: After Request
2022-04-22 04:58:52,004 [INFO] app: Before Request
2022-04-22 04:58:52,078 [INFO] app: After Request
2022-04-22 04:58:54,043 [INFO] app: Before Request
2022-04-22 04:58:54,102 [INFO] app: After Request
2022-04-22 04:58:54,146 [INFO] app: Before Request
2022-04-22 04:58:54,436 [INFO] app: After Request
2022-04-22 04:59:01,388 [INFO] app: Before Request
2022-04-22 04:59:01,549 [INFO] app: After Request
2022-04-22 04:59:01,572 [INFO] app: Before Request
2022-04-22 04:59:01,602 [INFO] app: After Request
2022-04-22 14:34:59,430 [INFO] flask_wtf.csrf: The CSRF token has expired.
2022-04-22 14:34:59,437 [INFO] app: After Request
2022-04-22 14:35:03,412 [INFO] flask_wtf.csrf: The CSRF token has expired.
2022-04-22 14:35:03,413 [INFO] app: After Request
2022-04-22 14:35:05,736 [INFO] app: Before Request
2022-04-22 14:35:05,965 [INFO] app: After Request
2022-04-22 14:35:08,379 [INFO] app: Before Request
2022-04-22 14:35:08,557 [INFO] app: After Request
2022-04-22 14:52:17,769 [INFO] app: Before Request
2022-04-22 14:52:18,040 [INFO] app: After Request
2022-04-22 15:14:54,272 [INFO] app: Before Request
2022-04-22 15:14:54,289 [INFO] app: After Request
2022-04-22 15:15:08,129 [INFO] app: Before Request
2022-04-22 15:15:08,316 [INFO] app: After Request
2022-04-22 15:15:31,179 [INFO] app: Before Request
2022-04-22 15:15:31,507 [INFO] app: After Request
2022-04-22 15:15:31,526 [INFO] app: Before Request
2022-04-22 15:15:31,707 [INFO] app: After Request
2022-04-22 15:15:39,799 [INFO] app: Before Request
2022-04-22 15:15:40,062 [INFO] app: After Request
2022-04-22 15:15:40,073 [INFO] app: Before Request
2022-04-22 15:15:40,329 [INFO] app: After Request
2022-04-22 15:15:51,285 [INFO] app: Before Request
2022-04-22 15:15:51,396 [INFO] app: After Request
2022-04-22 15:15:51,406 [INFO] app: Before Request
2022-04-22 15:15:51,423 [INFO] app: After Request
2022-04-24 13:22:23,704 [INFO] app: Before Request
2022-04-24 13:22:23,971 [INFO] app: After Request
2022-04-24 13:22:33,492 [INFO] app: Before Request
2022-04-24 13:22:33,690 [INFO] app: After Request
2022-04-24 13:22:33,698 [INFO] app: Before Request
2022-04-24 13:22:33,745 [INFO] app: After Request
2022-04-24 14:02:10,214 [INFO] app: Before Request
2022-04-24 14:02:10,397 [INFO] app: After Request
2022-04-24 14:02:11,289 [INFO] app: Before Request
2022-04-24 14:02:11,460 [INFO] app: After Request
2022-04-24 14:02:13,803 [INFO] app: Before Request
2022-04-24 14:06:30,012 [INFO] app: Before Request
2022-04-24 14:06:30,180 [INFO] app: After Request
2022-04-24 14:08:06,693 [INFO] app: Before Request
2022-04-24 14:08:06,723 [INFO] app: After Request
2022-04-24 14:08:22,247 [INFO] app: Before Request
2022-04-24 14:08:22,444 [INFO] app: After Request
2022-04-24 14:08:22,455 [INFO] app: Before Request
2022-04-24 14:08:22,482 [INFO] app: After Request
2022-04-24 14:08:39,598 [INFO] app: Before Request
2022-04-24 14:08:39,761 [INFO] app: After Request
2022-04-24 14:08:54,599 [INFO] app: Before Request
2022-04-24 14:08:54,775 [INFO] app: After Request
2022-04-24 14:08:54,783 [INFO] app: Before Request
2022-04-24 14:08:54,803 [INFO] app: After Request
2022-04-24 14:09:05,300 [INFO] app: Before Request
2022-04-24 14:09:05,316 [INFO] app: After Request
2022-04-24 14:09:05,331 [INFO] app: Before Request
2022-04-24 14:09:05,489 [INFO] app: After Request
2022-04-24 15:16:21,167 [INFO] app: Before Request
2022-04-24 15:16:21,196 [INFO] app: After Request
2022-04-24 15:16:29,740 [INFO] app: Before Request
2022-04-24 15:16:29,760 [INFO] app: After Request
2022-04-24 15:17:50,596 [INFO] app: Before Request
2022-04-24 15:17:50,750 [INFO] app: After Request
2022-04-24 15:17:51,590 [INFO] app: Before Request
2022-04-24 15:17:51,608 [INFO] app: After Request
2022-04-24 15:35:41,700 [INFO] app: Before Request
2022-04-24 15:35:41,821 [INFO] app: After Request
2022-04-24 15:35:41,906 [INFO] app: Before Request
2022-04-24 15:35:41,908 [INFO] app: After Request
2022-04-24 15:35:41,909 [INFO] app: Before Request
2022-04-24 15:35:42,040 [INFO] app: After Request
2022-04-24 15:35:42,042 [INFO] app: Before Request
2022-04-24 15:35:42,054 [INFO] app: After Request
2022-04-24 15:35:42,365 [INFO] app: Before Request
2022-04-24 15:35:42,490 [INFO] app: After Request
2022-04-24 15:35:42,574 [INFO] app: Before Request
2022-04-24 15:35:42,699 [INFO] app: After Request
2022-04-24 15:35:42,787 [INFO] app: Before Request
2022-04-24 15:35:42,908 [INFO] app: After Request
2022-04-24 15:35:42,998 [INFO] app: Before Request
2022-04-24 15:35:43,166 [INFO] app: After Request
2022-04-24 15:35:43,386 [INFO] app: Before Request
2022-04-24 15:35:43,513 [INFO] app: After Request
2022-04-24 15:35:43,605 [INFO] app: Before Request
2022-04-24 15:35:43,733 [INFO] app: After Request
2022-04-24 15:35:43,835 [INFO] app: Before Request
2022-04-24 15:35:43,958 [INFO] app: After Request
2022-04-24 15:35:44,043 [INFO] app: Before Request
2022-04-24 15:35:44,166 [INFO] app: After Request
2022-04-24 15:45:53,436 [INFO] app: Before Request
2022-04-24 15:45:53,556 [INFO] app: After Request
2022-04-24 15:45:53,643 [INFO] app: Before Request
2022-04-24 15:45:53,645 [INFO] app: After Request
2022-04-24 15:45:53,647 [INFO] app: Before Request
2022-04-24 15:45:53,768 [INFO] app: After Request
2022-04-24 15:45:53,770 [INFO] app: Before Request
2022-04-24 15:45:53,784 [INFO] app: After Request
2022-04-24 15:45:54,065 [INFO] app: Before Request
2022-04-24 15:45:54,185 [INFO] app: After Request
2022-04-24 15:45:54,269 [INFO] app: Before Request
2022-04-24 15:45:54,386 [INFO] app: After Request
2022-04-24 15:45:54,477 [INFO] app: Before Request
2022-04-24 15:45:54,594 [INFO] app: After Request
2022-04-24 15:45:54,684 [INFO] app: Before Request
2022-04-24 15:45:54,804 [INFO] app: After Request
2022-04-24 15:45:55,023 [INFO] app: Before Request
2022-04-24 15:45:55,142 [INFO] app: After Request
2022-04-24 15:45:55,228 [INFO] app: Before Request
2022-04-24 15:45:55,350 [INFO] app: After Request
2022-04-24 15:45:55,432 [INFO] app: Before Request
2022-04-24 15:45:55,549 [INFO] app: After Request
2022-04-24 15:45:55,627 [INFO] app: Before Request
2022-04-24 15:45:55,745 [INFO] app: After Request
2022-04-24 15:49:50,965 [INFO] app: Before Request
2022-04-24 15:49:51,166 [INFO] app: After Request
2022-04-24 15:49:53,600 [INFO] app: Before Request
2022-04-24 15:49:53,635 [INFO] app: After Request
2022-04-24 15:49:53,644 [INFO] app: Before Request
2022-04-24 15:49:53,662 [INFO] app: After Request
2022-04-24 15:49:55,147 [INFO] app: Before Request
2022-04-24 15:49:55,289 [INFO] app: After Request
2022-04-24 15:54:34,219 [INFO] app: Before Request
2022-04-24 15:54:34,344 [INFO] app: After Request
2022-04-24 15:54:34,442 [INFO] app: Before Request
2022-04-24 15:54:34,443 [INFO] app: After Request
2022-04-24 15:54:34,445 [INFO] app: Before Request
2022-04-24 15:54:34,565 [INFO] app: After Request
2022-04-24 15:54:34,568 [INFO] app: Before Request
2022-04-24 15:54:34,581 [INFO] app: After Request
2022-04-24 15:54:34,862 [INFO] app: Before Request
2022-04-24 15:54:34,985 [INFO] app: After Request
2022-04-24 15:54:35,066 [INFO] app: Before Request
2022-04-24 15:54:35,228 [INFO] app: After Request
2022-04-24 15:54:35,309 [INFO] app: Before Request
2022-04-24 15:54:35,434 [INFO] app: After Request
2022-04-24 15:54:35,524 [INFO] app: Before Request
2022-04-24 15:54:35,649 [INFO] app: After Request
2022-04-24 15:54:35,853 [INFO] app: Before Request
2022-04-24 15:54:35,980 [INFO] app: After Request
2022-04-24 15:54:36,071 [INFO] app: Before Request
2022-04-24 15:54:36,196 [INFO] app: After Request
2022-04-24 15:54:36,285 [INFO] app: Before Request
2022-04-24 15:54:36,411 [INFO] app: After Request
2022-04-24 15:54:36,495 [INFO] app: Before Request
2022-04-24 15:54:36,618 [INFO] app: After Request
2022-04-24 15:55:59,650 [INFO] app: Before Request
2022-04-24 15:55:59,773 [INFO] app: After Request
2022-04-24 15:55:59,859 [INFO] app: Before Request
2022-04-24 15:55:59,861 [INFO] app: After Request
2022-04-24 15:55:59,863 [INFO] app: Before Request
2022-04-24 15:55:59,983 [INFO] app: After Request
2022-04-24 15:55:59,985 [INFO] app: Before Request
2022-04-24 15:55:59,998 [INFO] app: After Request
2022-04-24 15:56:00,291 [INFO] app: Before Request
2022-04-24 15:56:00,417 [INFO] app: After Request
2022-04-24 15:56:00,501 [INFO] app: Before Request
2022-04-24 15:56:00,621 [INFO] app: After Request
2022-04-24 15:56:00,702 [INFO] app: Before Request
2022-04-24 15:56:00,821 [INFO] app: After Request
2022-04-24 15:56:00,908 [INFO] app: Before Request
2022-04-24 15:56:01,028 [INFO] app: After Request
2022-04-24 15:56:01,244 [INFO] app: Before Request
2022-04-24 15:56:01,365 [INFO] app: After Request
2022-04-24 15:56:01,461 [INFO] app: Before Request
2022-04-24 15:56:01,580 [INFO] app: After Request
2022-04-24 15:56:01,675 [INFO] app: Before Request
2022-04-24 15:56:01,797 [INFO] app: After Request
2022-04-24 15:56:01,879 [INFO] app: Before Request
2022-04-24 15:56:01,999 [INFO] app: After Request
2022-04-24 15:57:27,840 [INFO] app: Before Request
2022-04-24 15:57:27,964 [INFO] app: After Request
2022-04-24 15:57:28,051 [INFO] app: Before Request
2022-04-24 15:57:28,053 [INFO] app: After Request
2022-04-24 15:57:28,054 [INFO] app: Before Request
2022-04-24 15:57:28,175 [INFO] app: After Request
2022-04-24 15:57:28,177 [INFO] app: Before Request
2022-04-24 15:57:28,191 [INFO] app: After Request
2022-04-24 15:57:28,470 [INFO] app: Before Request
2022-04-24 15:57:28,589 [INFO] app: After Request
2022-04-24 15:57:28,670 [INFO] app: Before Request
2022-04-24 15:57:28,789 [INFO] app: After Request
2022-04-24 15:57:28,872 [INFO] app: Before Request
2022-04-24 15:57:28,995 [INFO] app: After Request
2022-04-24 15:57:29,092 [INFO] app: Before Request
2022-04-24 15:57:29,212 [INFO] app: After Request
2022-04-24 15:57:29,415 [INFO] app: Before Request
2022-04-24 15:57:29,537 [INFO] app: After Request
2022-04-24 15:57:29,624 [INFO] app: Before Request
2022-04-24 15:57:29,742 [INFO] app: After Request
2022-04-24 15:57:29,832 [INFO] app: Before Request
2022-04-24 15:57:29,950 [INFO] app: After Request
2022-04-24 15:57:30,035 [INFO] app: Before Request
2022-04-24 15:57:30,157 [INFO] app: After Request
2022-04-24 15:58:01,074 [INFO] app: Before Request
2022-04-24 15:58:01,198 [INFO] app: After Request
2022-04-24 15:58:01,280 [INFO] app: Before Request
2022-04-24 15:58:01,282 [INFO] app: After Request
2022-04-24 15:58:01,285 [INFO] app: Before Request
2022-04-24 15:58:01,410 [INFO] app: After Request
2022-04-24 15:58:01,412 [INFO] app: Before Request
2022-04-24 15:58:01,424 [INFO] app: After Request
2022-04-24 15:58:01,704 [INFO] app: Before Request
2022-04-24 15:58:01,826 [INFO] app: After Request
2022-04-24 15:58:01,911 [INFO] app: Before Request
2022-04-24 15:58:02,035 [INFO] app: After Request
2022-04-24 15:58:02,119 [INFO] app: Before Request
2022-04-24 15:58:02,243 [INFO] app: After Request
2022-04-24 15:58:02,460 [INFO] app: Before Request
2022-04-24 15:58:02,586 [INFO] app: After Request
2022-04-24 15:58:02,679 [INFO] app: Before Request
2022-04-24 15:58:02,798 [INFO] app: After Request
2022-04-24 15:58:02,891 [INFO] app: Before Request
2022-04-24 15:58:03,011 [INFO] app: After Request
2022-04-24 15:58:03,107 [INFO] app: Before Request
2022-04-24 15:58:03,225 [INFO] app: After Request
2022-04-24 15:58:03,307 [INFO] app: Before Request
2022-04-24 15:58:03,426 [INFO] app: After Request
2022-04-24 15:58:23,765 [INFO] app: Before Request
2022-04-24 15:58:23,890 [INFO] app: After Request
2022-04-24 15:58:23,971 [INFO] app: Before Request
2022-04-24 15:58:23,973 [INFO] app: After Request
2022-04-24 15:58:23,975 [INFO] app: Before Request
2022-04-24 15:58:24,095 [INFO] app: After Request
2022-04-24 15:58:24,098 [INFO] app: Before Request
2022-04-24 15:58:24,110 [INFO] app: After Request
2022-04-24 15:58:24,391 [INFO] app: Before Request
2022-04-24 15:58:24,511 [INFO] app: After Request
2022-04-24 15:58:24,594 [INFO] app: Before Request
2022-04-24 15:58:24,717 [INFO] app: After Request
2022-04-24 15:58:24,800 [INFO] app: Before Request
2022-04-24 15:58:24,921 [INFO] app: After Request
2022-04-24 15:58:25,223 [INFO] app: Before Request
2022-04-24 15:58:25,341 [INFO] app: After Request
2022-04-24 15:58:25,436 [INFO] app: Before Request
2022-04-24 15:58:25,613 [INFO] app: After Request
2022-04-24 15:58:25,707 [INFO] app: Before Request
2022-04-24 15:58:25,827 [INFO] app: After Request
2022-04-24 15:58:25,916 [INFO] app: Before Request
2022-04-24 15:58:26,064 [INFO] app: After Request
2022-04-24 15:58:26,143 [INFO] app: Before Request
2022-04-24 15:58:26,271 [INFO] app: After Request
2022-04-24 15:59:44,308 [INFO] app: Before Request
2022-04-24 15:59:44,429 [INFO] app: After Request
2022-04-24 15:59:44,513 [INFO] app: Before Request
2022-04-24 15:59:44,515 [INFO] app: After Request
2022-04-24 15:59:44,517 [INFO] app: Before Request
2022-04-24 15:59:44,635 [INFO] app: After Request
2022-04-24 15:59:44,637 [INFO] app: Before Request
2022-04-24 15:59:44,651 [INFO] app: After Request
2022-04-24 15:59:44,928 [INFO] app: Before Request
2022-04-24 15:59:45,052 [INFO] app: After Request
2022-04-24 15:59:45,133 [INFO] app: Before Request
2022-04-24 15:59:45,254 [INFO] app: After Request
2022-04-24 15:59:45,335 [INFO] app: Before Request
2022-04-24 15:59:45,456 [INFO] app: After Request
2022-04-24 15:59:45,747 [INFO] app: Before Request
2022-04-24 15:59:45,864 [INFO] app: After Request
2022-04-24 15:59:45,959 [INFO] app: Before Request
2022-04-24 15:59:46,123 [INFO] app: After Request
2022-04-24 15:59:46,216 [INFO] app: Before Request
2022-04-24 15:59:46,336 [INFO] app: After Request
2022-04-24 15:59:46,427 [INFO] app: Before Request
2022-04-24 15:59:46,553 [INFO] app: After Request
2022-04-24 15:59:46,636 [INFO] app: Before Request
2022-04-24 15:59:46,756 [INFO] app: After Request
2022-04-25 14:28:36,385 [INFO] app: Before Request
2022-04-25 14:28:36,640 [INFO] app: After Request
2022-04-25 14:28:40,189 [INFO] app: Before Request
2022-04-25 14:28:44,553 [INFO] app: Before Request
2022-04-25 14:28:44,938 [INFO] app: After Request
2022-04-25 14:28:47,738 [INFO] app: Before Request
2022-04-25 14:28:47,797 [INFO] app: After Request
2022-04-25 14:28:50,257 [INFO] app: Before Request
2022-04-25 14:28:50,312 [INFO] app: After Request
2022-04-25 14:29:01,179 [INFO] app: Before Request
2022-04-25 14:29:05,073 [INFO] app: Before Request
2022-04-25 14:29:05,135 [INFO] app: After Request
2022-04-25 14:29:17,199 [INFO] app: Before Request
2022-04-25 19:23:37,936 [INFO] app: Before Request
2022-04-25 19:23:38,343 [INFO] app: After Request
2022-04-25 19:23:40,226 [INFO] app: Before Request
2022-04-25 19:23:40,275 [INFO] app: After Request
2022-04-25 19:23:52,263 [INFO] app: Before Request
2022-04-25 19:23:52,591 [INFO] app: After Request
2022-04-25 19:23:52,618 [INFO] app: Before Request
2022-04-25 19:23:52,908 [INFO] app: After Request
2022-04-25 19:23:56,053 [INFO] app: Before Request
2022-04-25 19:23:56,129 [INFO] app: After Request
2022-04-25 19:23:56,178 [INFO] app: Before Request
2022-04-25 19:23:56,240 [INFO] app: After Request
2022-04-25 19:24:03,701 [INFO] app: Before Request
2022-04-25 19:24:04,038 [INFO] app: After Request
2022-04-25 19:24:04,060 [INFO] app: Before Request
2022-04-25 19:24:04,343 [INFO] app: After Request
2022-04-25 19:57:34,535 [INFO] app: Before Request
2022-04-25 19:57:38,603 [INFO] app: Before Request
2022-04-25 19:57:40,445 [INFO] app: Before Request
2022-04-25 20:07:45,537 [INFO] app: Before Request
2022-04-25 20:07:45,738 [INFO] app: After Request
2022-04-25 20:07:55,628 [INFO] app: Before Request
2022-04-25 20:07:55,732 [INFO] app: After Request
2022-04-25 20:07:57,656 [INFO] app: Before Request
2022-04-25 20:07:57,721 [INFO] app: Browse page loading
2022-04-25 20:07:57,913 [INFO] app: After Request
2022-04-25 20:07:58,022 [INFO] app: Before Request
2022-04-25 20:08:00,150 [INFO] app: Before Request
2022-04-25 20:08:00,212 [INFO] app: After Request
2022-04-25 20:08:01,095 [INFO] app: Before Request
2022-04-25 20:08:01,236 [INFO] app: Browse page loading
2022-04-25 20:08:01,532 [INFO] app: After Request
2022-04-25 20:08:01,611 [INFO] app: Before Request
2022-04-25 20:08:04,150 [INFO] app: Before Request
2022-04-25 20:08:04,220 [INFO] app: After Request
2022-04-25 20:08:07,990 [INFO] app: Before Request
2022-04-25 20:08:08,119 [INFO] app: After Request
2022-04-25 20:08:09,089 [INFO] app: Before Request
2022-04-25 20:08:09,170 [INFO] app: After Request
2022-04-25 20:08:10,402 [INFO] app: Before Request
2022-04-25 20:08:10,520 [INFO] app: After Request
2022-04-25 20:08:28,899 [INFO] app: Before Request
2022-04-25 20:08:28,944 [INFO] app: After Request
2022-04-25 20:10:01,430 [INFO] app: Before Request
2022-04-25 20:10:51,944 [INFO] app: Before Request
2022-04-25 20:10:59,739 [INFO] app: Before Request
2022-04-25 20:10:59,896 [INFO] app: After Request
2022-04-25 20:11:08,887 [INFO] app: Before Request
2022-04-25 20:11:16,944 [INFO] app: Before Request
2022-04-25 20:11:16,980 [INFO] app: After Request
2022-04-25 20:20:12,609 [INFO] app: Before Request
2022-04-25 20:20:15,061 [INFO] app: Before Request
2022-04-25 20:20:23,624 [INFO] app: Before Request
2022-04-25 20:20:23,661 [INFO] app: After Request
2022-04-25 20:21:26,216 [INFO] app: Before Request
2022-04-25 20:21:28,129 [INFO] app: Before Request
2022-04-25 20:22:02,566 [INFO] app: Before Request
2022-04-25 20:22:02,730 [INFO] app: After Request
2022-04-25 20:22:02,901 [INFO] app: Before Request
2022-04-25 20:22:02,902 [INFO] app: After Request
2022-04-25 20:22:02,905 [INFO] app: Before Request
2022-04-25 20:22:03,094 [INFO] app: After Request
2022-04-25 20:22:03,096 [INFO] app: Before Request
2022-04-25 20:22:03,114 [INFO] app: After Request
2022-04-25 20:22:03,564 [INFO] app: Before Request
2022-04-25 20:22:03,731 [INFO] app: After Request
2022-04-25 20:22:03,987 [INFO] app: Before Request
2022-04-25 20:22:04,207 [INFO] app: After Request
2022-04-25 20:22:04,485 [INFO] app: Before Request
2022-04-25 20:22:04,638 [INFO] app: After Request
2022-04-25 20:22:05,274 [INFO] app: Before Request
2022-04-25 20:22:05,478 [INFO] app: After Request
2022-04-25 20:22:05,690 [INFO] app: Before Request
2022-04-25 20:22:05,886 [INFO] app: After Request
2022-04-25 20:22:06,154 [INFO] app: Before Request
2022-04-25 20:22:06,345 [INFO] app: After Request
2022-04-25 20:22:06,544 [INFO] app: Before Request
2022-04-25 20:22:06,742 [INFO] app: After Request
2022-04-25 20:22:07,018 [INFO] app: Before Request
2022-04-25 20:22:07,195 [INFO] app: After Request
2022-04-25 20:30:50,772 [INFO] app: Before Request
2022-04-25 20:30:50,969 [INFO] app: After Request
2022-04-25 20:30:56,576 [INFO] app: Before Request
2022-04-25 20:30:59,198 [INFO] app: Before Request
2022-04-25 20:30:59,272 [INFO] app: After Request
2022-04-25 20:31:02,214 [INFO] app: Before Request
2022-04-25 20:31:02,259 [INFO] app: After Request
2022-04-25 20:31:12,530 [INFO] app: Before Request
2022-04-25 20:31:24,576 [INFO] app: Before Request
2022-04-25 20:31:27,426 [INFO] app: Before Request
2022-04-25 20:31:27,462 [INFO] app: After Request
2022-04-25 20:31:29,162 [INFO] app: Before Request
2022-04-25 20:31:32,136 [INFO] app: Before Request
2022-04-25 20:31:32,234 [INFO] app: After Request
2022-04-25 20:31:33,793 [INFO] app: Before Request
2022-04-25 20:31:33,860 [INFO] app: After Request
2022-04-25 20:31:35,700 [INFO] app: Before Request
2022-04-25 20:31:41,402 [INFO] app: Before Request
2022-04-25 20:31:44,883 [INFO] app: Before Request
2022-04-25 20:31:45,191 [INFO] app: After Request
2022-04-25 20:31:48,457 [INFO] app: Before Request
2022-04-25 20:31:48,496 [INFO] app: After Request
2022-04-25 20:31:55,361 [INFO] app: Before Request
2022-04-25 20:32:54,868 [INFO] app: Before Request
2022-04-25 20:32:55,145 [INFO] app: After Request
2022-04-25 20:33:05,284 [INFO] app: Before Request
2022-04-25 20:35:09,414 [INFO] app: Before Request
2022-04-25 20:35:09,584 [INFO] app: After Request
2022-04-25 20:35:10,980 [INFO] app: Before Request
2022-04-25 20:35:11,635 [INFO] app: After Request
2022-04-25 20:35:21,081 [INFO] app: Before Request
2022-04-25 20:36:06,029 [INFO] app: Before Request
2022-04-25 20:36:06,068 [INFO] app: After Request
2022-04-25 20:36:10,544 [INFO] app: Before Request
2022-04-25 20:36:10,615 [INFO] app: After Request
2022-04-25 20:39:48,898 [INFO] app: Before Request
2022-04-25 20:39:49,081 [INFO] app: After Request
2022-04-25 20:39:49,412 [INFO] app: Before Request
2022-04-25 20:39:49,415 [INFO] app: After Request
2022-04-25 20:39:49,418 [INFO] app: Before Request
2022-04-25 20:39:49,541 [INFO] app: After Request
2022-04-25 20:39:49,544 [INFO] app: Before Request
2022-04-25 20:39:49,556 [INFO] app: After Request
2022-04-25 20:39:50,035 [INFO] app: Before Request
2022-04-25 20:39:50,204 [INFO] app: After Request
2022-04-25 20:39:50,470 [INFO] app: Before Request
2022-04-25 20:39:50,636 [INFO] app: After Request
2022-04-25 20:39:50,822 [INFO] app: Before Request
2022-04-25 20:39:50,984 [INFO] app: After Request
2022-04-25 20:39:51,490 [INFO] app: Before Request
2022-04-25 20:39:51,664 [INFO] app: After Request
2022-04-25 20:39:51,985 [INFO] app: Before Request
2022-04-25 20:39:52,220 [INFO] app: After Request
2022-04-25 20:39:52,636 [INFO] app: Before Request
2022-04-25 20:39:52,774 [INFO] app: After Request
2022-04-25 20:39:52,986 [INFO] app: Before Request
2022-04-25 20:39:53,110 [INFO] app: After Request
2022-04-25 20:39:53,194 [INFO] app: Before Request
2022-04-25 20:39:53,456 [INFO] app: After Request
2022-04-25 20:43:57,476 [INFO] app: Before Request
2022-04-25 20:43:57,500 [INFO] app: After Request
2022-04-25 20:44:00,096 [INFO] app: Before Request
2022-04-25 20:44:00,121 [INFO] app: After Request
2022-04-25 20:44:01,017 [INFO] app: Before Request
2022-04-25 20:44:01,352 [INFO] app: After Request
2022-04-25 20:44:02,878 [INFO] app: Before Request
2022-04-25 20:44:02,901 [INFO] app: After Request
2022-04-25 20:44:03,544 [INFO] app: Before Request
2022-04-25 20:44:03,656 [INFO] app: After Request
2022-04-25 20:44:05,191 [INFO] app: Before Request
2022-04-25 20:44:05,603 [INFO] app: After Request
2022-04-25 20:44:06,471 [INFO] app: Before Request
2022-04-25 20:44:06,589 [INFO] app: After Request
2022-04-25 20:44:08,066 [INFO] app: Before Request
2022-04-25 20:44:08,101 [INFO] app: After Request
2022-04-25 20:44:16,985 [INFO] app: Before Request
2022-04-25 20:44:17,335 [INFO] app: After Request
2022-04-25 20:44:17,352 [INFO] app: Before Request
2022-04-25 20:44:17,394 [INFO] app: After Request
2022-04-25 21:47:58,674 [INFO] app: Before Request
2022-04-25 21:47:58,688 [INFO] app: After Request
2022-04-26 14:08:08,494 [INFO] app: Before Request
2022-04-26 14:09:18,092 [INFO] app: Before Request
2022-04-26 14:09:18,418 [INFO] app: After Request
2022-04-26 14:10:40,438 [INFO] app: Before Request
2022-04-26 14:11:05,790 [INFO] app: Before Request
2022-04-26 14:11:16,637 [INFO] app: Before Request
2022-04-26 14:11:16,687 [INFO] app: After Request
2022-04-26 14:14:32,353 [INFO] app: Before Request
2022-04-26 14:14:32,394 [INFO] app: After Request
2022-04-26 14:14:43,104 [INFO] app: Before Request
2022-04-26 14:14:43,264 [INFO] app: After Request
2022-04-26 14:32:50,052 [INFO] app: Before Request
2022-04-26 14:45:55,529 [INFO] app: Before Request
2022-04-26 14:45:55,565 [INFO] app: After Request
2022-04-26 14:47:17,298 [INFO] app: Before Request
2022-04-26 14:47:24,347 [INFO] app: Before Request
2022-04-26 14:47:46,807 [INFO] app: Before Request
2022-04-26 14:47:56,117 [INFO] app: Before Request
2022-04-26 14:48:23,732 [INFO] app: Before Request
2022-04-26 14:48:23,790 [INFO] app: After Request
2022-04-26 14:49:17,186 [INFO] app: Before Request
2022-04-26 14:49:17,255 [INFO] app: Browse page loading
2022-04-26 14:49:17,677 [INFO] app: After Request
2022-04-26 14:49:17,993 [INFO] app: Before Request
2022-04-26 14:49:21,501 [INFO] app: Before Request
2022-04-26 14:49:21,707 [INFO] app: After Request
2022-04-26 14:49:22,884 [INFO] app: Before Request
2022-04-26 14:49:22,978 [INFO] app: Browse page loading
2022-04-26 14:49:23,177 [INFO] app: After Request
2022-04-26 14:49:23,324 [INFO] app: Before Request
2022-04-26 14:49:24,126 [INFO] app: Before Request
2022-04-26 14:49:24,249 [INFO] app: After Request
2022-04-26 14:49:26,336 [INFO] app: Before Request
2022-04-26 14:49:26,356 [INFO] app: Browse page loading
2022-04-26 14:49:26,433 [INFO] app: After Request
2022-04-26 14:49:26,553 [INFO] app: Before Request
2022-04-26 14:49:29,731 [INFO] app: Before Request
2022-04-26 14:49:29,758 [INFO] app: After Request
2022-04-26 14:49:30,748 [INFO] app: Before Request
2022-04-26 14:49:30,804 [INFO] app: Browse page loading
2022-04-26 14:49:30,827 [INFO] app: After Request
2022-04-26 14:49:31,023 [INFO] app: Before Request
2022-04-26 14:51:16,162 [INFO] app: Before Request
2022-04-26 14:51:16,249 [INFO] app: After Request
2022-04-26 14:56:03,418 [INFO] app: Before Request
2022-04-26 14:59:19,039 [INFO] app: Before Request
2022-04-26 14:59:21,599 [INFO] app: Before Request
2022-04-26 14:59:56,938 [INFO] app: Before Request
2022-04-26 15:00:21,417 [INFO] app: Before Request
2022-04-26 15:00:21,937 [INFO] app: After Request
2022-04-26 15:11:49,017 [INFO] app: Before Request
2022-04-26 15:15:01,520 [INFO] app: Before Request
2022-04-26 15:15:01,690 [INFO] app: After Request
2022-04-26 15:15:46,383 [INFO] app: Before Request
2022-04-26 15:16:52,899 [INFO] app: Before Request
2022-04-26 15:18:17,418 [INFO] app: Before Request
2022-04-26 15:20:12,860 [INFO] app: Before Request
2022-04-26 15:21:48,355 [INFO] app: Before Request
2022-04-26 15:22:17,838 [INFO] app: Before Request
2022-04-26 15:23:19,128 [INFO] app: Before Request
2022-04-26 15:23:19,174 [INFO] app: After Request
2022-04-26 15:26:16,636 [INFO] app: Before Request
2022-04-26 15:28:34,136 [INFO] app: Before Request
2022-04-26 15:28:34,566 [INFO] app: After Request
2022-04-26 15:32:48,157 [INFO] app: Before Request
2022-04-26 15:32:48,670 [INFO] app: After Request
2022-04-26 15:32:56,127 [INFO] app: Before Request
2022-04-26 15:32:56,242 [INFO] app: After Request
2022-04-26 15:33:01,140 [INFO] app: Before Request
2022-04-26 15:33:01,489 [INFO] app: After Request
2022-04-26 15:33:06,671 [INFO] app: Before Request
2022-04-26 15:33:06,956 [INFO] app: After Request
2022-04-26 15:34:28,703 [INFO] app: Before Request
2022-04-26 15:34:32,280 [INFO] app: Before Request
2022-04-26 15:37:54,015 [INFO] app: Before Request
2022-04-26 15:37:59,616 [INFO] app: Before Request
2022-04-26 15:38:18,392 [INFO] app: Before Request
2022-04-26 15:38:18,596 [INFO] app: After Request
2022-04-26 15:38:23,445 [INFO] app: Before Request
2022-04-26 15:38:24,006 [INFO] app: After Request
2022-04-26 15:39:46,138 [INFO] app: Before Request
2022-04-26 15:39:46,323 [INFO] app: After Request
2022-04-26 15:40:14,591 [INFO] app: Before Request
2022-04-26 15:42:18,831 [INFO] app: Before Request
2022-04-26 15:45:18,963 [INFO] app: Before Request
2022-04-26 15:47:21,872 [INFO] app: Before Request
2022-04-26 15:49:43,494 [INFO] app: Before Request
2022-04-26 15:49:43,763 [INFO] app: After Request
2022-04-26 15:57:15,866 [INFO] app: Before Request
2022-04-26 15:57:15,907 [INFO] app: After Request
2022-04-26 15:57:25,316 [INFO] app: Before Request
2022-04-26 15:57:25,714 [INFO] app: After Request
2022-04-26 15:57:29,322 [INFO] app: Before Request
2022-04-26 15:57:29,358 [INFO] app: Browse page loading
2022-04-26 15:57:29,491 [INFO] app: After Request
2022-04-26 15:57:29,626 [INFO] app: Before Request
2022-04-26 15:57:33,175 [INFO] app: Before Request
2022-04-26 15:57:33,487 [INFO] app: After Request
2022-04-26 15:59:17,397 [INFO] app: Before Request
2022-04-26 15:59:17,619 [INFO] app: After Request
2022-04-26 15:59:20,443 [INFO] app: Before Request
2022-04-26 15:59:27,501 [INFO] app: Before Request
2022-04-26 16:00:12,798 [INFO] app: Before Request
2022-04-26 16:01:05,900 [INFO] app: Before Request
2022-04-26 16:01:06,312 [INFO] app: After Request
2022-04-26 16:01:18,542 [INFO] app: Before Request
2022-04-26 16:01:18,783 [INFO] app: After Request
2022-04-26 16:01:20,370 [INFO] app: Before Request
2022-04-26 16:01:20,400 [INFO] app: After Request
2022-04-26 16:07:44,257 [INFO] app: Before Request
2022-04-26 16:08:30,019 [INFO] app: Before Request
2022-04-26 16:08:38,162 [INFO] app: Before Request
2022-04-26 16:08:38,420 [INFO] app: After Request
2022-04-26 16:08:40,104 [INFO] app: Before Request
2022-04-26 16:08:40,262 [INFO] app: After Request
2022-04-26 19:30:42,868 [INFO] app: Before Request
2022-04-26 19:30:43,073 [INFO] app: After Request
2022-04-26 19:30:47,378 [INFO] app: Before Request
2022-04-26 19:30:47,626 [INFO] app: After Request
2022-04-26 19:30:48,175 [INFO] app: Before Request
2022-04-26 19:30:48,207 [INFO] app: After Request
2022-04-26 19:38:53,513 [INFO] app: Before Request
2022-04-26 19:41:09,488 [INFO] app: Before Request
2022-04-26 19:41:09,734 [INFO] app: After Request
2022-04-26 19:41:11,383 [INFO] app: Before Request
2022-04-26 19:41:11,416 [INFO] app: After Request
2022-04-26 19:41:12,277 [INFO] app: Before Request
2022-04-26 19:41:12,299 [INFO] app: After Request
2022-04-26 19:41:34,856 [INFO] app: Before Request
2022-04-26 19:41:34,898 [INFO] app: Browse page loading
2022-04-26 19:41:35,112 [INFO] app: After Request
2022-04-26 19:41:35,307 [INFO] app: Before Request
2022-04-26 19:41:36,858 [INFO] app: Before Request
2022-04-26 19:41:37,051 [INFO] app: After Request
2022-04-26 19:41:37,774 [INFO] app: Before Request
2022-04-26 19:41:37,808 [INFO] app: After Request
2022-04-26 19:41:38,583 [INFO] app: Before Request
2022-04-26 19:41:38,608 [INFO] app: After Request
2022-04-26 19:41:39,482 [INFO] app: Before Request
2022-04-26 19:41:39,510 [INFO] app: After Request
2022-04-26 19:41:41,250 [INFO] app: Before Request
2022-04-26 19:41:41,297 [INFO] app: After Request
2022-04-26 19:41:42,020 [INFO] app: Before Request
2022-04-26 19:41:42,081 [INFO] app: After Request
2022-04-26 19:41:42,989 [INFO] app: Before Request
2022-04-26 19:41:43,005 [INFO] app: Browse page loading
2022-04-26 19:41:43,011 [INFO] app: After Request
2022-04-26 19:41:43,123 [INFO] app: Before Request
2022-04-26 19:41:44,342 [INFO] app: Before Request
2022-04-26 19:41:44,375 [INFO] app: After Request
2022-04-26 19:45:12,075 [INFO] app: Before Request
2022-04-26 19:45:12,111 [INFO] app: After Request
2022-04-26 19:45:17,030 [INFO] app: Before Request
2022-04-26 19:45:17,056 [INFO] app: After Request
2022-04-26 19:45:30,119 [INFO] app: Before Request
2022-04-26 19:54:54,053 [INFO] app: Before Request
2022-04-26 19:54:54,228 [INFO] app: After Request
2022-04-26 19:54:59,503 [INFO] app: Before Request
2022-04-26 19:54:59,531 [INFO] app: After Request
2022-04-26 19:55:04,759 [INFO] app: Before Request
2022-04-26 20:07:31,959 [INFO] app: Before Request
2022-04-26 20:07:32,207 [INFO] app: After Request
2022-04-26 20:08:01,292 [INFO] app: Before Request
2022-04-26 20:08:01,458 [INFO] app: After Request
2022-04-26 20:08:28,887 [INFO] app: Before Request
2022-04-26 20:09:54,095 [INFO] app: Before Request
2022-04-26 20:12:05,919 [INFO] app: Before Request
2022-04-26 20:12:05,993 [INFO] app: Before Request
2022-04-26 20:12:06,039 [INFO] app: Before Request
2022-04-26 20:13:57,094 [INFO] app: Before Request
2022-04-26 20:13:57,142 [INFO] app: Before Request
2022-04-26 20:13:57,162 [INFO] app: Before Request
2022-04-26 20:16:54,253 [INFO] app: Before Request
2022-04-26 20:16:54,275 [INFO] app: Before Request
2022-04-26 20:16:54,297 [INFO] app: Before Request
2022-04-26 20:17:00,342 [INFO] app: Before Request
2022-04-26 20:17:00,515 [INFO] app: After Request
2022-04-26 20:17:03,774 [INFO] app: Before Request
2022-04-26 20:17:03,927 [INFO] app: After Request
2022-04-26 20:17:08,775 [INFO] app: Before Request
2022-04-26 20:17:08,800 [INFO] app: Before Request
2022-04-26 20:17:08,831 [INFO] app: Before Request
2022-04-26 20:18:27,149 [INFO] app: Before Request
2022-04-26 20:18:27,497 [INFO] app: After Request
2022-04-26 20:18:33,908 [INFO] app: Before Request
2022-04-26 20:18:33,936 [INFO] app: After Request
2022-04-26 20:18:38,826 [INFO] app: Before Request
2022-04-26 20:18:38,869 [INFO] app: Before Request
2022-04-26 20:18:38,894 [INFO] app: Before Request
2022-04-26 20:30:59,815 [INFO] app: Before Request
2022-04-26 20:30:59,834 [INFO] app: After Request
2022-04-26 20:31:02,486 [INFO] app: Before Request
2022-04-26 20:31:02,831 [INFO] app: After Request
2022-04-26 20:31:07,539 [INFO] app: Before Request
2022-04-26 20:31:07,677 [INFO] app: Before Request
2022-04-26 20:31:07,835 [INFO] app: Before Request
2022-04-26 20:38:34,934 [INFO] app: Before Request
2022-04-26 20:38:35,114 [INFO] app: After Request
2022-04-26 20:38:40,453 [INFO] app: Before Request
2022-04-26 20:38:40,476 [INFO] app: After Request
2022-04-26 20:38:45,039 [INFO] app: Before Request
2022-04-26 20:38:45,251 [INFO] app: Before Request
2022-04-26 20:38:45,335 [INFO] app: Before Request
2022-04-26 20:41:58,726 [INFO] app: Before Request
2022-04-26 20:41:58,743 [INFO] app: After Request
2022-04-26 20:42:01,707 [INFO] app: Before Request
2022-04-26 20:42:02,038 [INFO] app: After Request
2022-04-26 20:42:05,711 [INFO] app: Before Request
2022-04-26 20:42:05,779 [INFO] app: Before Request
2022-04-26 20:42:05,861 [INFO] app: Before Request
2022-04-26 20:50:08,604 [INFO] app: Before Request
2022-04-26 20:50:08,619 [INFO] app: After Request
2022-04-26 20:51:46,285 [INFO] app: Before Request
2022-04-26 20:51:46,676 [INFO] app: After Request
2022-04-26 20:51:52,352 [INFO] app: Before Request
2022-04-26 20:51:52,381 [INFO] app: Before Request
2022-04-26 20:51:52,429 [INFO] app: Before Request
2022-04-26 21:06:40,368 [INFO] app: Before Request
2022-04-26 21:06:40,395 [INFO] app: After Request
2022-04-26 21:06:43,838 [INFO] app: Before Request
2022-04-26 21:06:43,907 [INFO] app: After Request
2022-04-26 21:06:49,274 [INFO] app: Before Request
2022-04-26 21:06:49,492 [INFO] app: Before Request
2022-04-26 21:06:49,543 [INFO] app: Before Request
2022-04-26 21:10:52,602 [INFO] app: Before Request
2022-04-26 21:10:52,953 [INFO] app: After Request
2022-04-26 21:11:30,444 [INFO] app: Before Request
2022-04-26 21:11:30,802 [INFO] app: After Request
2022-04-26 21:11:40,317 [INFO] app: Before Request
2022-04-26 21:11:40,447 [INFO] app: Before Request
2022-04-26 21:11:40,569 [INFO] app: Before Request
2022-04-26 21:25:08,736 [INFO] app: Before Request
2022-04-26 21:25:08,925 [INFO] app: After Request
2022-04-26 21:25:12,127 [INFO] app: Before Request
2022-04-26 21:25:12,189 [INFO] app: After Request
2022-04-26 21:25:16,520 [INFO] app: Before Request
2022-04-26 21:25:16,576 [INFO] app: Before Request
2022-04-26 21:25:16,594 [INFO] app: Before Request
2022-04-26 21:29:55,227 [INFO] app: Before Request
2022-04-26 21:29:55,376 [INFO] app: After Request
2022-04-26 21:39:27,750 [INFO] app: Before Request
2022-04-26 21:39:27,774 [INFO] app: After Request
2022-04-26 21:39:30,979 [INFO] app: Before Request
2022-04-26 21:39:31,326 [INFO] app: After Request
2022-04-26 21:39:33,216 [INFO] app: Before Request
2022-04-26 21:39:33,298 [INFO] app: After Request
2022-04-26 21:39:37,094 [INFO] app: Before Request
2022-04-26 21:39:37,196 [INFO] app: Before Request
2022-04-26 21:39:37,290 [INFO] app: Before Request
2022-04-26 21:48:38,566 [INFO] app: Before Request
2022-04-26 21:48:38,581 [INFO] app: After Request
2022-04-26 21:48:41,638 [INFO] app: Before Request
2022-04-26 21:48:41,750 [INFO] app: After Request
2022-04-26 21:48:46,103 [INFO] app: Before Request
2022-04-26 21:50:12,594 [INFO] app: Before Request
2022-04-26 21:50:12,608 [INFO] app: After Request
2022-04-26 21:50:14,778 [INFO] app: Before Request
2022-04-26 21:50:15,130 [INFO] app: After Request
2022-04-26 21:50:18,556 [INFO] app: Before Request
2022-04-26 21:50:18,607 [INFO] app: After Request
2022-04-26 21:50:19,752 [INFO] app: Before Request
2022-04-26 21:50:19,936 [INFO] app: After Request
2022-04-26 21:54:12,764 [INFO] app: Before Request
2022-04-26 21:54:17,958 [INFO] app: Before Request
2022-04-26 21:54:18,274 [INFO] app: After Request
2022-04-26 21:54:19,592 [INFO] app: Before Request
2022-04-26 21:54:19,963 [INFO] app: After Request
2022-04-26 21:55:51,883 [INFO] app: Before Request
2022-04-26 21:55:52,188 [INFO] app: After Request
2022-04-26 21:55:54,389 [INFO] app: Before Request
2022-04-26 21:55:54,596 [INFO] app: After Request
2022-04-26 21:55:56,226 [INFO] app: Before Request
2022-04-26 21:55:56,257 [INFO] app: After Request
2022-04-26 21:55:57,116 [INFO] app: Before Request
2022-04-26 21:55:57,131 [INFO] app: Browse page loading
2022-04-26 21:55:57,199 [INFO] app: After Request
2022-04-26 21:55:57,324 [INFO] app: Before Request
2022-04-26 21:56:07,151 [INFO] app: Before Request
2022-04-26 21:56:07,642 [INFO] app: After Request
2022-04-26 21:56:09,475 [INFO] app: Before Request
2022-04-26 21:56:09,708 [INFO] app: After Request
2022-04-26 21:56:22,364 [INFO] app: Before Request
2022-04-26 21:56:22,453 [INFO] app: After Request
2022-04-26 22:09:04,664 [INFO] app: Before Request
2022-04-26 22:09:04,701 [INFO] app: After Request
2022-04-26 22:09:07,367 [INFO] app: Before Request
2022-04-26 22:09:07,461 [INFO] app: After Request
2022-04-26 22:09:08,958 [INFO] app: Before Request
2022-04-26 22:09:08,985 [INFO] app: After Request
2022-04-26 22:09:10,156 [INFO] app: Before Request
2022-04-26 22:09:10,221 [INFO] app: After Request
2022-04-26 23:20:39,167 [INFO] app: Before Request
2022-04-26 23:20:39,324 [INFO] app: After Request
2022-04-26 23:20:40,894 [INFO] app: Before Request
2022-04-26 23:20:41,141 [INFO] app: After Request
2022-04-26 23:20:42,604 [INFO] app: Before Request
2022-04-26 23:20:42,765 [INFO] app: After Request
2022-04-26 23:20:43,940 [INFO] app: Before Request
2022-04-26 23:20:43,971 [INFO] app: Browse page loading
2022-04-26 23:20:44,148 [INFO] app: After Request
2022-04-26 23:20:44,262 [INFO] app: Before Request
2022-04-26 23:20:49,524 [INFO] app: Before Request
2022-04-26 23:20:49,548 [INFO] app: After Request
2022-04-26 23:20:52,087 [INFO] app: Before Request
2022-04-26 23:20:52,108 [INFO] app: After Request
2022-04-26 23:20:53,141 [INFO] app: Before Request
2022-04-26 23:20:53,164 [INFO] app: After Request
2022-04-26 23:20:54,046 [INFO] app: Before Request
2022-04-26 23:20:54,057 [INFO] app: Browse page loading
2022-04-26 23:20:54,062 [INFO] app: After Request
2022-04-26 23:20:54,181 [INFO] app: Before Request
2022-04-26 23:40:47,228 [INFO] app: Before Request
2022-04-26 23:40:47,390 [INFO] app: After Request
2022-04-26 23:40:47,503 [INFO] app: Before Request
2022-04-26 23:40:47,505 [INFO] app: After Request
2022-04-26 23:40:47,507 [INFO] app: Before Request
2022-04-26 23:40:47,645 [INFO] app: After Request
2022-04-26 23:40:47,647 [INFO] app: Before Request
2022-04-26 23:40:47,662 [INFO] app: After Request
2022-04-26 23:40:47,963 [INFO] app: Before Request
2022-04-26 23:40:48,150 [INFO] app: After Request
2022-04-26 23:40:48,270 [INFO] app: Before Request
2022-04-26 23:40:48,427 [INFO] app: After Request
2022-04-26 23:40:48,531 [INFO] app: Before Request
2022-04-26 23:40:48,661 [INFO] app: After Request
2022-04-26 23:40:49,002 [INFO] app: Before Request
2022-04-26 23:40:49,130 [INFO] app: After Request
2022-04-26 23:40:49,233 [INFO] app: Before Request
2022-04-26 23:40:49,356 [INFO] app: After Request
2022-04-26 23:40:49,453 [INFO] app: Before Request
2022-04-26 23:40:49,589 [INFO] app: After Request
2022-04-26 23:40:49,704 [INFO] app: Before Request
2022-04-26 23:40:49,850 [INFO] app: After Request
2022-04-26 23:40:49,935 [INFO] app: Before Request
2022-04-26 23:40:50,059 [INFO] app: After Request
2022-04-27 00:02:55,537 [INFO] app: Before Request
2022-04-27 00:02:55,559 [INFO] app: After Request
2022-04-27 00:02:59,415 [INFO] app: Before Request
2022-04-27 00:03:02,542 [INFO] app: Before Request
2022-04-27 00:03:02,564 [INFO] app: After Request
2022-04-27 00:03:06,751 [INFO] app: Before Request
2022-04-27 00:03:06,765 [INFO] app: After Request
2022-04-27 00:03:09,036 [INFO] app: Before Request
2022-04-27 00:03:13,266 [INFO] app: Before Request
2022-04-27 00:03:13,287 [INFO] app: After Request
2022-04-27 00:03:25,845 [INFO] app: Before Request
2022-04-27 00:04:29,941 [INFO] app: Before Request
2022-04-27 00:04:29,967 [INFO] app: After Request
2022-04-27 00:04:34,934 [INFO] app: Before Request
2022-04-27 00:04:35,097 [INFO] app: After Request
2022-04-27 00:04:44,313 [INFO] app: Before Request
2022-04-27 00:05:57,529 [INFO] app: Before Request
2022-04-27 00:05:57,693 [INFO] app: After Request
2022-04-27 00:05:59,760 [INFO] app: Before Request
2022-04-27 00:05:59,919 [INFO] app: After Request
2022-04-27 00:06:00,717 [INFO] app: Before Request
2022-04-27 00:06:00,738 [INFO] app: After Request
2022-04-27 00:06:01,700 [INFO] app: Before Request
2022-04-27 00:06:01,851 [INFO] app: After Request
2022-04-27 00:06:24,243 [INFO] app: Before Request
2022-04-27 00:08:53,517 [INFO] app: Before Request
2022-04-27 00:08:53,677 [INFO] app: After Request
2022-04-27 00:08:57,108 [INFO] app: Before Request
2022-04-27 00:08:57,132 [INFO] app: After Request
2022-04-27 00:09:12,055 [INFO] app: Before Request
2022-04-27 00:10:58,009 [INFO] app: Before Request
2022-04-27 00:10:58,133 [INFO] app: After Request
2022-04-27 00:10:58,230 [INFO] app: Before Request
2022-04-27 00:10:58,231 [INFO] app: After Request
2022-04-27 00:10:58,232 [INFO] app: Before Request
2022-04-27 00:10:58,355 [INFO] app: After Request
2022-04-27 00:10:58,357 [INFO] app: Before Request
2022-04-27 00:10:58,371 [INFO] app: After Request
2022-04-27 00:10:58,685 [INFO] app: Before Request
2022-04-27 00:10:58,804 [INFO] app: After Request
2022-04-27 00:10:58,899 [INFO] app: Before Request
2022-04-27 00:10:59,081 [INFO] app: After Request
2022-04-27 00:10:59,263 [INFO] app: Before Request
2022-04-27 00:10:59,385 [INFO] app: After Request
2022-04-27 00:10:59,704 [INFO] app: Before Request
2022-04-27 00:10:59,829 [INFO] app: After Request
2022-04-27 00:10:59,932 [INFO] app: Before Request
2022-04-27 00:11:00,050 [INFO] app: After Request
2022-04-27 00:11:00,155 [INFO] app: Before Request
2022-04-27 00:11:00,276 [INFO] app: After Request
2022-04-27 00:11:00,377 [INFO] app: Before Request
2022-04-27 00:11:00,494 [INFO] app: After Request
2022-04-27 00:11:00,586 [INFO] app: Before Request
2022-04-27 00:11:00,706 [INFO] app: After Request
2022-04-27 00:11:16,581 [INFO] app: Before Request
2022-04-27 00:11:16,744 [INFO] app: After Request
2022-04-27 00:11:19,318 [INFO] app: Before Request
2022-04-27 00:11:19,478 [INFO] app: After Request
2022-04-27 00:11:34,148 [INFO] app: Before Request
2022-04-27 00:12:53,749 [INFO] app: Before Request
2022-04-27 00:13:52,840 [INFO] app: Before Request
2022-04-27 00:13:53,005 [INFO] app: After Request
2022-04-27 00:13:56,172 [INFO] app: Before Request
2022-04-27 00:13:56,195 [INFO] app: After Request
2022-04-27 00:14:14,433 [INFO] app: Before Request
2022-04-27 00:20:22,269 [INFO] app: Before Request
2022-04-27 00:20:22,442 [INFO] app: After Request
2022-04-27 00:20:26,322 [INFO] app: Before Request
2022-04-27 00:20:26,345 [INFO] app: After Request
2022-04-27 00:20:36,088 [INFO] app: Before Request
2022-04-27 00:20:36,271 [INFO] app: After Request
2022-04-27 00:20:36,279 [INFO] app: Before Request
2022-04-27 00:20:36,299 [INFO] app: After Request
2022-04-27 00:20:54,919 [INFO] app: Before Request
2022-04-27 00:20:55,020 [INFO] app: After Request
2022-04-27 00:20:56,410 [INFO] app: Before Request
2022-04-27 00:20:56,435 [INFO] app: After Request
2022-04-27 00:21:00,373 [INFO] app: Before Request
2022-04-27 00:22:11,421 [INFO] app: Before Request
2022-04-27 00:22:11,578 [INFO] app: After Request
2022-04-27 00:22:13,909 [INFO] app: Before Request
2022-04-27 00:22:13,937 [INFO] app: After Request
2022-04-27 00:22:17,837 [INFO] app: Before Request
2022-04-27 00:22:18,289 [INFO] app: After Request
2022-04-27 00:22:18,297 [INFO] app: Before Request
2022-04-27 00:22:18,412 [INFO] app: After Request
2022-04-27 00:39:22,962 [INFO] app: Before Request
2022-04-27 00:39:22,995 [INFO] app: After Request
2022-04-27 00:39:23,003 [INFO] app: Before Request
2022-04-27 00:39:23,171 [INFO] app: After Request
2022-04-27 00:39:24,968 [INFO] app: Before Request
2022-04-27 00:39:25,321 [INFO] app: After Request
2022-04-27 00:39:25,331 [INFO] app: Before Request
2022-04-27 00:39:25,357 [INFO] app: After Request
2022-04-27 00:39:26,922 [INFO] app: Before Request
2022-04-27 00:39:27,079 [INFO] app: After Request
2022-04-27 00:39:27,817 [INFO] app: Before Request
2022-04-27 00:39:27,846 [INFO] app: After Request
2022-04-27 00:39:33,159 [INFO] app: Before Request
2022-04-27 00:39:33,875 [INFO] app: After Request
2022-04-27 00:39:33,887 [INFO] app: Before Request
2022-04-27 00:39:33,960 [INFO] app: After Request
2022-04-27 00:40:19,125 [INFO] app: Before Request
2022-04-27 00:40:19,278 [INFO] app: After Request
2022-04-27 00:40:23,876 [INFO] app: Before Request
2022-04-27 00:40:24,619 [INFO] app: After Request
2022-04-27 00:40:24,633 [INFO] app: Before Request
2022-04-27 00:40:24,810 [INFO] app: After Request
2022-04-27 14:10:13,663 [INFO] app: Before Request
2022-04-27 14:10:13,853 [INFO] app: After Request
2022-04-27 17:18:39,514 [INFO] app: Before Request
2022-04-27 17:18:39,791 [INFO] app: After Request
2022-04-27 17:18:39,999 [INFO] app: Before Request
2022-04-27 17:18:40,000 [INFO] app: After Request
2022-04-27 17:18:40,004 [INFO] app: Before Request
2022-04-27 17:18:40,193 [INFO] app: After Request
2022-04-27 17:18:40,196 [INFO] app: Before Request
2022-04-27 17:18:40,225 [INFO] app: After Request
2022-04-27 17:18:40,751 [INFO] app: Before Request
2022-04-27 17:18:40,929 [INFO] app: After Request
2022-04-27 17:18:41,158 [INFO] app: Before Request
2022-04-27 17:18:41,442 [INFO] app: After Request
2022-04-27 17:18:41,723 [INFO] app: Before Request
2022-04-27 17:18:41,867 [INFO] app: After Request
2022-04-27 17:18:42,463 [INFO] app: Before Request
2022-04-27 17:18:42,634 [INFO] app: After Request
2022-04-27 17:18:42,980 [INFO] app: Before Request
2022-04-27 17:18:43,105 [INFO] app: After Request
2022-04-27 17:18:43,426 [INFO] app: Before Request
2022-04-27 17:18:43,628 [INFO] app: After Request
2022-04-27 17:18:43,861 [INFO] app: Before Request
2022-04-27 17:18:44,064 [INFO] app: After Request
2022-04-27 17:18:44,249 [INFO] app: Before Request
2022-04-27 17:18:44,373 [INFO] app: After Request
2022-04-27 20:23:18,876 [INFO] app: Before Request
2022-04-27 20:23:19,075 [INFO] app: After Request
2022-04-27 20:23:23,074 [INFO] app: Before Request
2022-04-27 20:24:38,839 [INFO] app: Before Request
2022-04-27 20:24:39,062 [INFO] app: After Request
2022-04-27 20:24:41,411 [INFO] app: Before Request
2022-04-27 20:25:58,719 [INFO] app: Before Request
2022-04-27 20:25:58,748 [INFO] app: After Request
2022-04-27 20:26:01,215 [INFO] app: Before Request
2022-04-27 20:26:01,277 [INFO] app: After Request
2022-04-27 20:26:09,584 [INFO] app: Before Request
2022-04-27 20:36:20,207 [INFO] app: Before Request
2022-04-27 20:36:20,226 [INFO] app: After Request
2022-04-27 20:36:22,647 [INFO] app: Before Request
2022-04-27 20:36:22,661 [INFO] app: After Request
2022-04-27 20:36:36,659 [INFO] app: Before Request
2022-04-27 20:36:36,844 [INFO] app: After Request
2022-04-27 20:36:36,852 [INFO] app: Before Request
2022-04-27 20:36:36,870 [INFO] app: After Request
2022-04-27 20:36:39,527 [INFO] app: Before Request
2022-04-27 20:36:39,627 [INFO] app: After Request
2022-04-27 20:36:40,602 [INFO] app: Before Request
2022-04-27 20:36:40,625 [INFO] app: After Request
2022-04-27 20:36:45,213 [INFO] app: Before Request
2022-04-27 20:36:45,601 [INFO] app: After Request
2022-04-27 20:36:45,608 [INFO] app: Before Request
2022-04-27 20:36:45,638 [INFO] app: After Request
2022-04-27 20:49:29,346 [INFO] app: Before Request
2022-04-27 20:49:29,360 [INFO] app: After Request
2022-04-27 20:49:29,369 [INFO] app: Before Request
2022-04-27 20:49:29,375 [INFO] app: After Request
2022-04-27 20:49:33,708 [INFO] app: Before Request
2022-04-27 20:49:33,872 [INFO] app: After Request
2022-04-27 20:49:33,880 [INFO] app: Before Request
2022-04-27 20:49:33,900 [INFO] app: After Request
2022-04-27 20:49:35,493 [INFO] app: Before Request
2022-04-27 20:49:35,506 [INFO] app: After Request
2022-04-27 20:49:41,751 [INFO] app: Before Request
2022-04-27 20:49:42,148 [INFO] app: After Request
2022-04-27 20:49:42,155 [INFO] app: Before Request
2022-04-27 20:49:42,204 [INFO] app: After Request
2022-04-27 20:52:09,995 [INFO] app: Before Request
2022-04-27 20:52:10,010 [INFO] app: After Request
2022-04-27 20:53:29,831 [INFO] app: Before Request
2022-04-27 20:53:29,987 [INFO] app: After Request
2022-04-27 20:53:34,326 [INFO] app: Before Request
2022-04-27 20:53:34,753 [INFO] app: After Request
2022-04-27 20:53:34,761 [INFO] app: Before Request
2022-04-27 20:53:34,879 [INFO] app: After Request
2022-04-27 20:56:55,980 [INFO] csv: CSV file uploaded
2022-04-27 20:56:55,981 [INFO] app: Before Request
2022-04-27 20:56:56,143 [INFO] app: After Request
2022-04-27 20:57:00,560 [INFO] app: Before Request
2022-04-27 20:57:01,102 [INFO] app: After Request
2022-04-27 20:57:01,112 [INFO] app: Before Request
2022-04-27 20:57:01,295 [INFO] app: After Request
